{"level":"INFO","ts":"2025-08-01T02:14:48.739+0800","caller":"middleware/logger.go:60","msg":"请求访问日志","requestID":"7fdcfe4f-858c-45e9-9cb8-24eaa75a1ccb","clientIP":"::1","method":"POST","path":"/api/v1/users/1","params":"","statusCode":404,"responseSize":-1,"duration":0.000024791}
{"level":"INFO","ts":"2025-08-01T02:14:50.697+0800","caller":"middleware/logger.go:60","msg":"请求访问日志","requestID":"d9448b58-8b66-4955-b63c-950cf8858138","clientIP":"::1","method":"POST","path":"/api/v1/users/1","params":"","statusCode":404,"responseSize":-1,"duration":0.000011125}
{"level":"INFO","ts":"2025-08-01T02:14:51.737+0800","caller":"middleware/logger.go:60","msg":"请求访问日志","requestID":"ba8b6acc-a5a7-45c9-ba44-c3371ed11996","clientIP":"::1","method":"POST","path":"/api/v1/users/1","params":"","statusCode":404,"responseSize":-1,"duration":0.000020667}
{"level":"INFO","ts":"2025-08-01T02:15:09.252+0800","caller":"middleware/logger.go:60","msg":"请求访问日志","requestID":"3610fd96-0ede-4e89-8da3-981207078808","clientIP":"::1","method":"GET","path":"/api/v1/users/1","params":"","statusCode":403,"responseSize":43,"duration":0.00195725}
{"level":"INFO","ts":"2025-08-01T02:16:43.561+0800","caller":"middleware/logger.go:60","msg":"请求访问日志","requestID":"ec2313bf-e38b-426e-b259-49a9a9ccc850","clientIP":"::1","method":"GET","path":"/api/v1/users/1","params":"","statusCode":403,"responseSize":43,"duration":0.005451292}
{"level":"INFO","ts":"2025-08-01T02:16:44.370+0800","caller":"middleware/logger.go:60","msg":"请求访问日志","requestID":"c41a4a98-4965-4778-8928-944b2bb01905","clientIP":"::1","method":"GET","path":"/api/v1/users/1","params":"","statusCode":403,"responseSize":43,"duration":0.002507125}
{"level":"INFO","ts":"2025-08-01T02:17:29.282+0800","caller":"middleware/logger.go:60","msg":"请求访问日志","requestID":"7ff448d7-7239-47c9-a48d-6280f965bf40","clientIP":"::1","method":"GET","path":"/api/v1/users/1","params":"","statusCode":403,"responseSize":43,"duration":0.001565791}
{"level":"INFO","ts":"2025-08-01T02:17:29.975+0800","caller":"middleware/logger.go:60","msg":"请求访问日志","requestID":"1039e389-0c63-47da-bf57-0c931b485412","clientIP":"::1","method":"GET","path":"/api/v1/users/1","params":"","statusCode":403,"responseSize":43,"duration":0.003334666}
{"level":"INFO","ts":"2025-08-01T02:17:30.627+0800","caller":"middleware/logger.go:60","msg":"请求访问日志","requestID":"b4eeecec-ee54-4d7e-926b-48d04a23b34b","clientIP":"::1","method":"GET","path":"/api/v1/users/1","params":"","statusCode":403,"responseSize":43,"duration":0.003752083}
{"level":"INFO","ts":"2025-08-01T02:17:31.995+0800","caller":"middleware/logger.go:60","msg":"请求访问日志","requestID":"8efc7e80-1ad0-4301-bd4a-019ce7eb2c1e","clientIP":"::1","method":"GET","path":"/api/v1/users/1","params":"","statusCode":403,"responseSize":43,"duration":0.002390708}
{"level":"INFO","ts":"2025-08-01T02:17:33.978+0800","caller":"middleware/logger.go:60","msg":"请求访问日志","requestID":"f77cae70-2316-451f-b5ae-99caff3efae0","clientIP":"::1","method":"GET","path":"/api/v1/users/1","params":"","statusCode":403,"responseSize":43,"duration":0.003019542}
{"level":"INFO","ts":"2025-08-01T02:21:27.363+0800","caller":"middleware/logger.go:60","msg":"请求访问日志","requestID":"026fff6d-6e03-4af8-9a0f-800b1261546d","clientIP":"::1","method":"GET","path":"/api/v1/users/1","params":"","statusCode":200,"responseSize":406,"duration":0.016378959}
{"level":"INFO","ts":"2025-08-01T02:21:35.298+0800","caller":"middleware/logger.go:60","msg":"请求访问日志","requestID":"ab5f47a4-23d4-4a5a-905d-e7ea653a10c2","clientIP":"::1","method":"GET","path":"/api/v1/users","params":"","statusCode":200,"responseSize":825,"duration":0.00308}
{"level":"INFO","ts":"2025-08-01T12:25:54.505+0800","caller":"middleware/logger.go:60","msg":"请求访问日志","requestID":"b4eacc50-364a-4b60-bf7b-212d345a67b7","clientIP":"::1","method":"GET","path":"/api/v1/users","params":"","statusCode":200,"responseSize":825,"duration":0.021673167}
{"level":"INFO","ts":"2025-08-01T12:26:08.501+0800","caller":"middleware/logger.go:60","msg":"请求访问日志","requestID":"66a76227-821f-414d-aa7b-1ddbf3857b06","clientIP":"::1","method":"GET","path":"/api/v1/users","params":"","statusCode":401,"responseSize":56,"duration":0.000381625}
{"level":"INFO","ts":"2025-08-01T12:26:24.842+0800","caller":"middleware/logger.go:60","msg":"请求访问日志","requestID":"40c370d0-8d5d-42fa-b693-3d82f7999d4f","clientIP":"::1","method":"GET","path":"/api/v1/users","params":"","statusCode":200,"responseSize":825,"duration":0.003547167}
{"level":"INFO","ts":"2025-08-01T12:29:26.667+0800","caller":"middleware/logger.go:60","msg":"请求访问日志","requestID":"bfe8793f-4ffe-4f4b-b4ef-6eb229cf0021","clientIP":"::1","method":"PUT","path":"/api/v1/users/1","params":"","statusCode":401,"responseSize":46,"duration":0.000673458}
{"level":"INFO","ts":"2025-08-01T12:29:38.153+0800","caller":"middleware/logger.go:60","msg":"请求访问日志","requestID":"9b11bd45-3940-4288-bfda-b657c3cc71c3","clientIP":"::1","method":"PUT","path":"/api/v1/users/1","params":"","statusCode":400,"responseSize":112,"duration":0.005671667}
{"level":"INFO","ts":"2025-08-01T12:31:36.521+0800","caller":"middleware/logger.go:60","msg":"请求访问日志","requestID":"c4585533-1d8b-43fb-8c2e-6bc6870a965a","clientIP":"::1","method":"PUT","path":"/api/v1/users/1","params":"","statusCode":400,"responseSize":112,"duration":0.006452958}
{"level":"INFO","ts":"2025-08-01T12:32:09.696+0800","caller":"middleware/logger.go:60","msg":"请求访问日志","requestID":"8b34e5b9-5600-4f34-b25b-67e589b77d99","clientIP":"::1","method":"PUT","path":"/api/v1/users/1","params":"","statusCode":400,"responseSize":112,"duration":0.003383833}
{"level":"INFO","ts":"2025-08-01T12:32:32.686+0800","caller":"middleware/logger.go:60","msg":"请求访问日志","requestID":"91115bba-706e-4323-936d-dd805b76a11a","clientIP":"::1","method":"PUT","path":"/api/v1/users/1","params":"","statusCode":500,"responseSize":106,"duration":0.006043625}
{"level":"INFO","ts":"2025-08-01T12:32:41.864+0800","caller":"middleware/logger.go:60","msg":"请求访问日志","requestID":"404c491b-5951-4ad0-8ec8-9b31d2a1d82a","clientIP":"::1","method":"PUT","path":"/api/v1/users/1","params":"","statusCode":200,"responseSize":419,"duration":0.011360791}
{"level":"INFO","ts":"2025-08-01T12:33:12.450+0800","caller":"middleware/logger.go:60","msg":"请求访问日志","requestID":"8cd3e8fe-c5eb-4923-a1bb-e44a589438f7","clientIP":"::1","method":"DELETE","path":"/api/v1/users/2","params":"","statusCode":200,"responseSize":32,"duration":0.010867416}
{"level":"INFO","ts":"2025-08-01T12:39:50.066+0800","caller":"middleware/logger.go:60","msg":"请求访问日志","requestID":"9f660210-0b75-4836-90ed-53bbc6e7c69d","clientIP":"::1","method":"POST","path":"/api/v1/roles","params":"","statusCode":401,"responseSize":46,"duration":0.00135125}
{"level":"INFO","ts":"2025-08-01T12:39:56.448+0800","caller":"middleware/logger.go:60","msg":"请求访问日志","requestID":"44514c9c-9e5b-4607-8813-c918ddd31e97","clientIP":"::1","method":"POST","path":"/api/v1/user/login","params":"","statusCode":200,"responseSize":654,"duration":0.083587042}
{"level":"INFO","ts":"2025-08-01T12:40:24.319+0800","caller":"middleware/logger.go:60","msg":"请求访问日志","requestID":"13a1b4ee-cc8e-4088-aa75-9c29c3bd683a","clientIP":"::1","method":"POST","path":"/api/v1/roles","params":"","statusCode":200,"responseSize":201,"duration":0.046959125}
{"level":"INFO","ts":"2025-08-01T12:40:55.472+0800","caller":"middleware/logger.go:60","msg":"请求访问日志","requestID":"75ab024c-32ea-4064-9a38-ffa068faf651","clientIP":"::1","method":"GET","path":"/api/v1/roles","params":"","statusCode":200,"responseSize":527,"duration":0.00316475}
{"level":"INFO","ts":"2025-08-01T12:41:28.365+0800","caller":"middleware/logger.go:60","msg":"请求访问日志","requestID":"08247bf6-fd44-48f1-bdf5-3d2df5717d6b","clientIP":"::1","method":"GET","path":"/api/v1/roles/1","params":"","statusCode":200,"responseSize":203,"duration":0.037372792}
{"level":"INFO","ts":"2025-08-01T12:42:17.053+0800","caller":"middleware/logger.go:60","msg":"请求访问日志","requestID":"c744c79b-1294-4c37-aa8d-572507c2bf1d","clientIP":"::1","method":"PUT","path":"/api/v1/roles/3","params":"","statusCode":400,"responseSize":139,"duration":0.002989209}
{"level":"INFO","ts":"2025-08-01T12:42:53.284+0800","caller":"middleware/logger.go:60","msg":"请求访问日志","requestID":"6ccade3b-8317-4b68-b980-f1e5024e0359","clientIP":"::1","method":"PUT","path":"/api/v1/roless/3","params":"","statusCode":404,"responseSize":-1,"duration":0.0000305}
{"level":"INFO","ts":"2025-08-01T12:43:57.174+0800","caller":"middleware/logger.go:60","msg":"请求访问日志","requestID":"51fb4772-ddd4-476d-bfc9-59f09e5d991d","clientIP":"::1","method":"PUT","path":"/api/v1/roles/3","params":"","statusCode":400,"responseSize":139,"duration":0.002959791}
{"level":"INFO","ts":"2025-08-01T12:44:49.785+0800","caller":"middleware/logger.go:60","msg":"请求访问日志","requestID":"abd458ab-271b-415c-b81f-56de606e5b9d","clientIP":"::1","method":"PUT","path":"/api/v1/roles/3","params":"","statusCode":400,"responseSize":139,"duration":0.002657667}
{"level":"INFO","ts":"2025-08-01T12:44:52.074+0800","caller":"middleware/logger.go:60","msg":"请求访问日志","requestID":"a52ef75d-922e-43e5-adfa-eb92e0378079","clientIP":"::1","method":"PUT","path":"/api/v1/roles/3","params":"","statusCode":400,"responseSize":139,"duration":0.002091875}
{"level":"INFO","ts":"2025-08-01T12:45:30.551+0800","caller":"middleware/logger.go:60","msg":"请求访问日志","requestID":"d0936612-b582-411d-b11a-de5f53a25577","clientIP":"::1","method":"PUT","path":"/api/v1/roles/3","params":"","statusCode":400,"responseSize":139,"duration":0.011279042}
{"level":"INFO","ts":"2025-08-01T12:46:58.461+0800","caller":"middleware/logger.go:60","msg":"请求访问日志","requestID":"e2d9ff2c-6acb-4189-95c5-a55e10781b55","clientIP":"::1","method":"PUT","path":"/api/v1/roles","params":"","statusCode":404,"responseSize":-1,"duration":0.000007459}
{"level":"INFO","ts":"2025-08-01T12:47:02.525+0800","caller":"middleware/logger.go:60","msg":"请求访问日志","requestID":"377e3a59-9321-4349-854a-f90924781faa","clientIP":"::1","method":"PUT","path":"/api/v1/roles/3","params":"","statusCode":200,"responseSize":210,"duration":0.010091625}
{"level":"INFO","ts":"2025-08-01T12:48:12.821+0800","caller":"middleware/logger.go:60","msg":"请求访问日志","requestID":"267dc9d5-a750-4855-b35a-c85bcdc3bf4c","clientIP":"::1","method":"PUT","path":"/api/v1/roles","params":"","statusCode":403,"responseSize":43,"duration":0.005704083}
{"level":"INFO","ts":"2025-08-01T12:49:07.419+0800","caller":"middleware/logger.go:60","msg":"请求访问日志","requestID":"ed2be8ce-beb6-41c9-932e-7a2804c01e35","clientIP":"::1","method":"PUT","path":"/api/v1/roles","params":"","statusCode":400,"responseSize":91,"duration":0.002014625}
{"level":"INFO","ts":"2025-08-01T12:49:24.012+0800","caller":"middleware/logger.go:60","msg":"请求访问日志","requestID":"463321a2-8f80-46d9-b989-a9cc4c7e5bca","clientIP":"::1","method":"PUT","path":"/api/v1/roles","params":"","statusCode":400,"responseSize":91,"duration":0.003952208}
{"level":"INFO","ts":"2025-08-01T12:49:28.911+0800","caller":"middleware/logger.go:60","msg":"请求访问日志","requestID":"3cb749d7-92eb-49be-ae23-baff9041e6cf","clientIP":"::1","method":"PUT","path":"/api/v1/roles/3","params":"","statusCode":404,"responseSize":-1,"duration":0.000006459}
{"level":"INFO","ts":"2025-08-01T12:53:41.043+0800","caller":"middleware/logger.go:60","msg":"请求访问日志","requestID":"bb100440-3710-4b94-b697-5f02f0fdd1ba","clientIP":"::1","method":"PUT","path":"/api/v1/roles","params":"","statusCode":200,"responseSize":210,"duration":0.005914875}
{"level":"INFO","ts":"2025-08-01T12:55:53.369+0800","caller":"middleware/logger.go:60","msg":"请求访问日志","requestID":"2bf6fa3c-3d7e-4bae-b433-97dd76ad9b68","clientIP":"::1","method":"DELETE","path":"/api/v1/roles/3","params":"","statusCode":200,"responseSize":60,"duration":0.04199175}
{"level":"INFO","ts":"2025-08-01T12:57:56.767+0800","caller":"middleware/logger.go:60","msg":"请求访问日志","requestID":"6009e0b2-811b-4277-be2f-8bde8875846b","clientIP":"::1","method":"PUT","path":"/api/v1/permissions/policy","params":"","statusCode":404,"responseSize":-1,"duration":0.000015958}
{"level":"INFO","ts":"2025-08-01T12:58:22.410+0800","caller":"middleware/logger.go:60","msg":"请求访问日志","requestID":"e53c06a8-1151-4ee8-ab03-48056a5c292f","clientIP":"::1","method":"POST","path":"/api/v1/permissions/policy","params":"","statusCode":200,"responseSize":66,"duration":0.026992042}
{"level":"INFO","ts":"2025-08-01T12:59:03.207+0800","caller":"middleware/logger.go:60","msg":"请求访问日志","requestID":"28a1f8e5-1c96-4300-b64e-337db43ad77b","clientIP":"::1","method":"DELETE","path":"/api/v1/permissions/policy","params":"","statusCode":200,"responseSize":132,"duration":0.036832458}
{"level":"INFO","ts":"2025-08-01T12:59:43.597+0800","caller":"middleware/logger.go:60","msg":"请求访问日志","requestID":"635e5226-b72a-45a5-a24e-13977a572dd2","clientIP":"::1","method":"DELETE","path":"/api/v1/permissions/policy","params":"","statusCode":500,"responseSize":61,"duration":0.004095125}
{"level":"INFO","ts":"2025-08-01T13:00:24.764+0800","caller":"middleware/logger.go:60","msg":"请求访问日志","requestID":"56e2bcae-46d2-41bb-a433-2117ee2a220e","clientIP":"::1","method":"DELETE","path":"/api/v1//permissions/policies","params":"","statusCode":404,"responseSize":-1,"duration":0.000011875}
{"level":"INFO","ts":"2025-08-01T13:00:27.887+0800","caller":"middleware/logger.go:60","msg":"请求访问日志","requestID":"8f3a4fc3-1f41-46dc-b31a-cba19b087a37","clientIP":"::1","method":"GET","path":"/api/v1//permissions/policies","params":"","statusCode":404,"responseSize":-1,"duration":0.000019416}
{"level":"INFO","ts":"2025-08-01T13:00:37.224+0800","caller":"middleware/logger.go:60","msg":"请求访问日志","requestID":"2480f5c8-eebe-4d7a-9c9d-200e4f517056","clientIP":"::1","method":"GET","path":"/api/v1/permissions/policies","params":"","statusCode":200,"responseSize":787,"duration":0.003998583}
{"level":"INFO","ts":"2025-08-01T13:22:42.118+0800","caller":"middleware/logger.go:60","msg":"请求访问日志","requestID":"b0cd5feb-51cb-42c5-95e7-263433cd0ddf","clientIP":"::1","method":"POST","path":"/api/v1/users/1/password","params":"","statusCode":404,"responseSize":-1,"duration":0.000296875}
{"level":"INFO","ts":"2025-08-01T13:23:06.901+0800","caller":"middleware/logger.go:60","msg":"请求访问日志","requestID":"b5f0c599-4a24-40ab-97dc-ad9417439483","clientIP":"::1","method":"PUT","path":"/api/v1/users/1/password","params":"","statusCode":200,"responseSize":32,"duration":0.138097833}
{"level":"INFO","ts":"2025-08-01T13:58:29.541+0800","caller":"middleware/logger.go:60","msg":"请求访问日志","requestID":"adbf0302-ff57-490a-aad6-9185c3203ac0","clientIP":"::1","method":"POST","path":"/api/v1/user/login","params":"","statusCode":200,"responseSize":642,"duration":0.070375666}
{"level":"INFO","ts":"2025-08-01T13:58:40.124+0800","caller":"middleware/logger.go:60","msg":"请求访问日志","requestID":"9b97d8ec-383e-443c-ad8a-775fd5561cbd","clientIP":"::1","method":"PUT","path":"/api/v1/users/1/password","params":"","statusCode":200,"responseSize":60,"duration":0.138598041}
{"level":"INFO","ts":"2025-08-01T13:58:46.314+0800","caller":"middleware/logger.go:60","msg":"请求访问日志","requestID":"f1e80148-c7f5-41fc-9b42-db4e61e594ea","clientIP":"::1","method":"POST","path":"/api/v1/user/login","params":"","statusCode":401,"responseSize":49,"duration":0.067135958}
{"level":"INFO","ts":"2025-08-01T13:58:52.506+0800","caller":"middleware/logger.go:60","msg":"请求访问日志","requestID":"483663c8-cf74-4e0a-9cf0-1a3f80494a1b","clientIP":"::1","method":"POST","path":"/api/v1/user/login","params":"","statusCode":200,"responseSize":641,"duration":0.072462417}
{"level":"INFO","ts":"2025-08-01T13:59:02.872+0800","caller":"middleware/logger.go:60","msg":"请求访问日志","requestID":"8d36dfe9-b41f-4f8f-997f-4529e6cee95f","clientIP":"::1","method":"PUT","path":"/api/v1/users/1/password","params":"","statusCode":200,"responseSize":60,"duration":0.141801208}
{"level":"INFO","ts":"2025-08-01T13:59:07.170+0800","caller":"middleware/logger.go:60","msg":"请求访问日志","requestID":"82af3940-e8f9-426e-86f4-4a1393a9b2dc","clientIP":"::1","method":"POST","path":"/api/v1/user/login","params":"","statusCode":200,"responseSize":642,"duration":0.071909459}
{"level":"INFO","ts":"2025-08-01T13:59:37.824+0800","caller":"middleware/logger.go:60","msg":"请求访问日志","requestID":"3ea4e511-f53a-4e31-aee2-bc2a0a3d8217","clientIP":"::1","method":"POST","path":"/api/v1/roles/","params":"","statusCode":200,"responseSize":213,"duration":0.035188833}
{"level":"INFO","ts":"2025-08-01T14:00:06.612+0800","caller":"middleware/logger.go:60","msg":"请求访问日志","requestID":"e4325c8e-22fc-480a-bedb-fedf32663659","clientIP":"::1","method":"POST","path":"/api/v1/permissions/policy","params":"","statusCode":200,"responseSize":66,"duration":0.034923708}
{"level":"INFO","ts":"2025-08-01T14:01:48.308+0800","caller":"middleware/logger.go:60","msg":"请求访问日志","requestID":"d4d1392a-4562-4b88-9d69-ec63d2205dc7","clientIP":"::1","method":"PUT","path":"/api/v1/permissions/user-role","params":"","statusCode":500,"responseSize":61,"duration":0.003115333}
{"level":"INFO","ts":"2025-08-01T14:02:16.885+0800","caller":"middleware/logger.go:60","msg":"请求访问日志","requestID":"3c10eeb4-635a-4f28-b6e8-b97aafb132f2","clientIP":"::1","method":"POST","path":"/api/v1/users/register","params":"","statusCode":200,"responseSize":246,"duration":0.074910292}
{"level":"INFO","ts":"2025-08-01T14:02:42.050+0800","caller":"middleware/logger.go:60","msg":"请求访问日志","requestID":"73311c40-cced-444d-a59d-144bd7ab77c2","clientIP":"::1","method":"GET","path":"/api/v1/users/","params":"","statusCode":200,"responseSize":824,"duration":0.005680167}
{"level":"INFO","ts":"2025-08-01T14:02:49.641+0800","caller":"middleware/logger.go:60","msg":"请求访问日志","requestID":"e35a1faa-d639-4e0b-9f8d-06d95f6d7f15","clientIP":"::1","method":"PUT","path":"/api/v1/permissions/user-role","params":"","statusCode":200,"responseSize":75,"duration":0.054647584}
{"level":"INFO","ts":"2025-08-01T14:03:19.774+0800","caller":"middleware/logger.go:60","msg":"请求访问日志","requestID":"72b98d3a-154a-480b-9609-419ab003294d","clientIP":"::1","method":"GET","path":"/api/v1/roles/1","params":"","statusCode":200,"responseSize":203,"duration":0.031271334}
{"level":"INFO","ts":"2025-08-01T14:03:25.686+0800","caller":"middleware/logger.go:60","msg":"请求访问日志","requestID":"580d5d60-098f-4732-8766-9ecc40086f12","clientIP":"::1","method":"GET","path":"/api/v1/roles/2","params":"","statusCode":200,"responseSize":199,"duration":0.044230458}
{"level":"INFO","ts":"2025-08-01T14:03:30.518+0800","caller":"middleware/logger.go:60","msg":"请求访问日志","requestID":"2c608228-31e7-48a5-85d4-113618d1c348","clientIP":"::1","method":"GET","path":"/api/v1/roles/3","params":"","statusCode":200,"responseSize":213,"duration":0.034924417}
{"level":"INFO","ts":"2025-08-01T14:03:43.761+0800","caller":"middleware/logger.go:60","msg":"请求访问日志","requestID":"23fe6d23-7277-4e26-baa4-c265eed2184f","clientIP":"::1","method":"GET","path":"/api/v1/permissions/policies","params":"","statusCode":200,"responseSize":575,"duration":0.003270292}
{"level":"INFO","ts":"2025-08-01T14:04:15.895+0800","caller":"middleware/logger.go:60","msg":"请求访问日志","requestID":"f6748b0c-fced-4544-bc6b-16c28d22790d","clientIP":"::1","method":"POST","path":"/api/v1/user/login","params":"","statusCode":200,"responseSize":665,"duration":0.0830175}
{"level":"INFO","ts":"2025-08-01T14:04:27.386+0800","caller":"middleware/logger.go:60","msg":"请求访问日志","requestID":"6f7d0721-0700-4e3f-a289-0db498899c76","clientIP":"::1","method":"PUT","path":"/api/v1/users/1","params":"","statusCode":403,"responseSize":43,"duration":0.01679325}
{"level":"INFO","ts":"2025-08-01T14:05:36.996+0800","caller":"middleware/logger.go:60","msg":"请求访问日志","requestID":"7ffe7c8a-b7ea-45a4-b0e8-843f64c2e733","clientIP":"::1","method":"POST","path":"/api/v1/users/register","params":"","statusCode":200,"responseSize":250,"duration":0.079342833}
{"level":"INFO","ts":"2025-08-01T14:05:43.616+0800","caller":"middleware/logger.go:60","msg":"请求访问日志","requestID":"016a81f6-609d-4827-bb61-98f08bab1ec9","clientIP":"::1","method":"POST","path":"/api/v1/users/register","params":"","statusCode":500,"responseSize":43,"duration":0.005866209}
{"level":"INFO","ts":"2025-08-01T14:06:40.163+0800","caller":"middleware/logger.go:60","msg":"请求访问日志","requestID":"f9a5f2ea-7147-4917-a732-dc99ee3e2f3c","clientIP":"::1","method":"PUT","path":"/api/v1/users/3/password","params":"","statusCode":403,"responseSize":43,"duration":0.007064875}
{"level":"INFO","ts":"2025-08-01T14:07:11.249+0800","caller":"middleware/logger.go:60","msg":"请求访问日志","requestID":"67f669cc-3c74-4b67-a237-bc947aa2d0a1","clientIP":"::1","method":"POST","path":"/api/v1/permissions/policy","params":"","statusCode":200,"responseSize":66,"duration":0.024642417}
{"level":"INFO","ts":"2025-08-01T14:07:15.823+0800","caller":"middleware/logger.go:60","msg":"请求访问日志","requestID":"28d442b9-40ba-4c1e-96f4-20670e72eb11","clientIP":"::1","method":"PUT","path":"/api/v1/users/3/password","params":"","statusCode":200,"responseSize":60,"duration":0.138248708}
{"level":"INFO","ts":"2025-08-01T14:11:25.560+0800","caller":"middleware/logger.go:60","msg":"请求访问日志","requestID":"a632e04a-d049-4cdb-9c6a-aed8261e663f","clientIP":"127.0.0.1","method":"GET","path":"/swagger/index.html","params":"","statusCode":200,"responseSize":3740,"duration":0.0008955}
{"level":"INFO","ts":"2025-08-01T14:11:25.578+0800","caller":"middleware/logger.go:60","msg":"请求访问日志","requestID":"d3722a21-8fcd-4c14-af2b-78c2435e98c7","clientIP":"127.0.0.1","method":"GET","path":"/swagger/swagger-ui-standalone-preset.js","params":"","statusCode":200,"responseSize":312217,"duration":0.001172292}
{"level":"INFO","ts":"2025-08-01T14:11:25.579+0800","caller":"middleware/logger.go:60","msg":"请求访问日志","requestID":"2620f6b9-bf46-438d-86c1-fe0ca5a0e94d","clientIP":"127.0.0.1","method":"GET","path":"/swagger/swagger-ui.css","params":"","statusCode":200,"responseSize":144966,"duration":0.000346334}
{"level":"INFO","ts":"2025-08-01T14:11:25.582+0800","caller":"middleware/logger.go:60","msg":"请求访问日志","requestID":"7af57400-9c00-40db-8669-4043b739d5fd","clientIP":"127.0.0.1","method":"GET","path":"/swagger/swagger-ui-bundle.js","params":"","statusCode":200,"responseSize":1061579,"duration":0.004454834}
{"level":"INFO","ts":"2025-08-01T14:11:25.684+0800","caller":"middleware/logger.go:60","msg":"请求访问日志","requestID":"602f7fa5-5f8a-4fdc-9c6d-d2e0accffe34","clientIP":"127.0.0.1","method":"GET","path":"/docs/swagger.json","params":"","statusCode":200,"responseSize":56605,"duration":0.006209916}
{"level":"INFO","ts":"2025-08-01T14:11:25.714+0800","caller":"middleware/logger.go:60","msg":"请求访问日志","requestID":"b7ed7645-2895-4f29-be63-bb7d0e2ccbcd","clientIP":"127.0.0.1","method":"GET","path":"/swagger/favicon-32x32.png","params":"","statusCode":200,"responseSize":628,"duration":0.000063959}
{"level":"INFO","ts":"2025-08-01T14:11:26.549+0800","caller":"middleware/logger.go:60","msg":"请求访问日志","requestID":"c74ecfb0-6b94-4ca5-8e31-b93d01595da7","clientIP":"127.0.0.1","method":"GET","path":"/swagger/index.html","params":"","statusCode":200,"responseSize":3740,"duration":0.000068333}
